mode: atomic
gitlab.citydrive.tech/back-end/go/pkg/http-client/examples/metrics_monitoring/main.go:22.13,24.44 1 0
gitlab.citydrive.tech/back-end/go/pkg/http-client/examples/metrics_monitoring/main.go:24.44,26.3 1 0
gitlab.citydrive.tech/back-end/go/pkg/http-client/examples/metrics_monitoring/main.go:29.2,80.6 24 0
gitlab.citydrive.tech/back-end/go/pkg/http-client/examples/metrics_monitoring/main.go:80.6,81.10 1 0
gitlab.citydrive.tech/back-end/go/pkg/http-client/examples/metrics_monitoring/main.go:82.19,83.22 1 0
gitlab.citydrive.tech/back-end/go/pkg/http-client/examples/metrics_monitoring/main.go:84.18,86.10 2 0
gitlab.citydrive.tech/back-end/go/pkg/http-client/examples/metrics_monitoring/main.go:91.32,93.16 2 0
gitlab.citydrive.tech/back-end/go/pkg/http-client/examples/metrics_monitoring/main.go:93.16,95.3 1 0
gitlab.citydrive.tech/back-end/go/pkg/http-client/examples/metrics_monitoring/main.go:98.2,104.12 3 0
gitlab.citydrive.tech/back-end/go/pkg/http-client/examples/metrics_monitoring/main.go:108.40,146.2 4 0
gitlab.citydrive.tech/back-end/go/pkg/http-client/examples/metrics_monitoring/main.go:148.40,155.67 3 0
gitlab.citydrive.tech/back-end/go/pkg/http-client/examples/metrics_monitoring/main.go:155.67,183.3 2 0
gitlab.citydrive.tech/back-end/go/pkg/http-client/examples/metrics_monitoring/main.go:186.2,186.73 1 0
gitlab.citydrive.tech/back-end/go/pkg/http-client/examples/metrics_monitoring/main.go:186.73,223.3 2 0
gitlab.citydrive.tech/back-end/go/pkg/http-client/examples/metrics_monitoring/main.go:225.2,230.12 2 0
gitlab.citydrive.tech/back-end/go/pkg/http-client/examples/metrics_monitoring/main.go:230.12,232.80 2 0
gitlab.citydrive.tech/back-end/go/pkg/http-client/examples/metrics_monitoring/main.go:232.80,234.4 1 0
gitlab.citydrive.tech/back-end/go/pkg/http-client/examples/metrics_monitoring/main.go:238.2,239.15 2 0
gitlab.citydrive.tech/back-end/go/pkg/http-client/examples/metrics_monitoring/main.go:243.70,258.6 5 0
gitlab.citydrive.tech/back-end/go/pkg/http-client/examples/metrics_monitoring/main.go:258.6,259.10 1 0
gitlab.citydrive.tech/back-end/go/pkg/http-client/examples/metrics_monitoring/main.go:260.21,261.10 1 0
gitlab.citydrive.tech/back-end/go/pkg/http-client/examples/metrics_monitoring/main.go:262.19,266.45 3 0
gitlab.citydrive.tech/back-end/go/pkg/http-client/examples/metrics_monitoring/main.go:279.96,283.25 3 0
gitlab.citydrive.tech/back-end/go/pkg/http-client/examples/metrics_monitoring/main.go:284.13,285.44 1 0
gitlab.citydrive.tech/back-end/go/pkg/http-client/examples/metrics_monitoring/main.go:286.14,287.127 1 0
gitlab.citydrive.tech/back-end/go/pkg/http-client/examples/metrics_monitoring/main.go:288.10,290.9 2 0
gitlab.citydrive.tech/back-end/go/pkg/http-client/examples/metrics_monitoring/main.go:293.2,293.16 1 0
gitlab.citydrive.tech/back-end/go/pkg/http-client/examples/metrics_monitoring/main.go:293.16,294.29 1 0
gitlab.citydrive.tech/back-end/go/pkg/http-client/examples/metrics_monitoring/main.go:294.29,296.4 1 0
gitlab.citydrive.tech/back-end/go/pkg/http-client/examples/metrics_monitoring/main.go:296.9,298.4 1 0
gitlab.citydrive.tech/back-end/go/pkg/http-client/examples/metrics_monitoring/main.go:299.3,299.9 1 0
gitlab.citydrive.tech/back-end/go/pkg/http-client/examples/metrics_monitoring/main.go:302.2,304.53 2 0
gitlab.citydrive.tech/back-end/go/pkg/http-client/examples/metrics_monitoring/main.go:304.53,306.3 1 0
gitlab.citydrive.tech/back-end/go/pkg/http-client/examples/metrics_monitoring/main.go:306.8,306.62 1 0
gitlab.citydrive.tech/back-end/go/pkg/http-client/examples/metrics_monitoring/main.go:306.62,308.3 1 0
gitlab.citydrive.tech/back-end/go/pkg/http-client/examples/metrics_monitoring/main.go:308.8,310.3 1 0
gitlab.citydrive.tech/back-end/go/pkg/http-client/examples/metrics_monitoring/main.go:313.2,313.32 1 0
gitlab.citydrive.tech/back-end/go/pkg/http-client/examples/metrics_monitoring/main.go:316.25,328.2 11 0
gitlab.citydrive.tech/back-end/go/pkg/http-client/examples/advanced_retry/main.go:18.13,20.44 1 0
gitlab.citydrive.tech/back-end/go/pkg/http-client/examples/advanced_retry/main.go:20.44,22.3 1 0
gitlab.citydrive.tech/back-end/go/pkg/http-client/examples/advanced_retry/main.go:25.2,51.52 7 0
gitlab.citydrive.tech/back-end/go/pkg/http-client/examples/advanced_retry/main.go:51.52,53.3 1 0
gitlab.citydrive.tech/back-end/go/pkg/http-client/examples/advanced_retry/main.go:56.2,57.52 2 0
gitlab.citydrive.tech/back-end/go/pkg/http-client/examples/advanced_retry/main.go:57.52,59.3 1 0
gitlab.citydrive.tech/back-end/go/pkg/http-client/examples/advanced_retry/main.go:62.2,63.53 2 0
gitlab.citydrive.tech/back-end/go/pkg/http-client/examples/advanced_retry/main.go:63.53,65.3 1 0
gitlab.citydrive.tech/back-end/go/pkg/http-client/examples/advanced_retry/main.go:68.2,69.60 2 0
gitlab.citydrive.tech/back-end/go/pkg/http-client/examples/advanced_retry/main.go:69.60,71.3 1 0
gitlab.citydrive.tech/back-end/go/pkg/http-client/examples/advanced_retry/main.go:74.2,74.22 1 0
gitlab.citydrive.tech/back-end/go/pkg/http-client/examples/advanced_retry/main.go:77.32,79.16 2 0
gitlab.citydrive.tech/back-end/go/pkg/http-client/examples/advanced_retry/main.go:79.16,81.3 1 0
gitlab.citydrive.tech/back-end/go/pkg/http-client/examples/advanced_retry/main.go:83.2,88.12 3 0
gitlab.citydrive.tech/back-end/go/pkg/http-client/examples/advanced_retry/main.go:92.75,100.16 5 0
gitlab.citydrive.tech/back-end/go/pkg/http-client/examples/advanced_retry/main.go:100.16,102.3 1 0
gitlab.citydrive.tech/back-end/go/pkg/http-client/examples/advanced_retry/main.go:103.2,109.36 4 0
gitlab.citydrive.tech/back-end/go/pkg/http-client/examples/advanced_retry/main.go:109.36,111.3 1 0
gitlab.citydrive.tech/back-end/go/pkg/http-client/examples/advanced_retry/main.go:113.2,113.12 1 0
gitlab.citydrive.tech/back-end/go/pkg/http-client/examples/advanced_retry/main.go:117.75,127.16 6 0
gitlab.citydrive.tech/back-end/go/pkg/http-client/examples/advanced_retry/main.go:127.16,129.3 1 0
gitlab.citydrive.tech/back-end/go/pkg/http-client/examples/advanced_retry/main.go:130.2,135.12 4 0
gitlab.citydrive.tech/back-end/go/pkg/http-client/examples/advanced_retry/main.go:139.76,146.16 5 0
gitlab.citydrive.tech/back-end/go/pkg/http-client/examples/advanced_retry/main.go:146.16,148.3 1 0
gitlab.citydrive.tech/back-end/go/pkg/http-client/examples/advanced_retry/main.go:149.2,156.31 5 0
gitlab.citydrive.tech/back-end/go/pkg/http-client/examples/advanced_retry/main.go:156.31,158.3 1 0
gitlab.citydrive.tech/back-end/go/pkg/http-client/examples/advanced_retry/main.go:160.2,160.12 1 0
gitlab.citydrive.tech/back-end/go/pkg/http-client/examples/advanced_retry/main.go:164.83,171.16 5 0
gitlab.citydrive.tech/back-end/go/pkg/http-client/examples/advanced_retry/main.go:171.16,173.3 1 0
gitlab.citydrive.tech/back-end/go/pkg/http-client/examples/advanced_retry/main.go:174.2,180.29 4 0
gitlab.citydrive.tech/back-end/go/pkg/http-client/examples/advanced_retry/main.go:180.29,182.3 1 0
gitlab.citydrive.tech/back-end/go/pkg/http-client/examples/advanced_retry/main.go:184.2,184.12 1 0
gitlab.citydrive.tech/back-end/go/pkg/http-client/examples/advanced_retry/main.go:188.37,216.2 5 0
gitlab.citydrive.tech/back-end/go/pkg/http-client/examples/advanced_retry/main.go:218.27,229.12 5 0
gitlab.citydrive.tech/back-end/go/pkg/http-client/examples/advanced_retry/main.go:229.12,230.80 1 0
gitlab.citydrive.tech/back-end/go/pkg/http-client/examples/advanced_retry/main.go:230.80,232.4 1 0
gitlab.citydrive.tech/back-end/go/pkg/http-client/examples/advanced_retry/main.go:235.2,250.52 11 0
gitlab.citydrive.tech/back-end/go/pkg/http-client/examples/retry/main.go:14.13,38.16 7 0
gitlab.citydrive.tech/back-end/go/pkg/http-client/examples/retry/main.go:38.16,39.67 1 0
gitlab.citydrive.tech/back-end/go/pkg/http-client/examples/retry/main.go:39.67,41.4 1 0
gitlab.citydrive.tech/back-end/go/pkg/http-client/examples/retry/main.go:41.9,43.4 1 0
gitlab.citydrive.tech/back-end/go/pkg/http-client/examples/retry/main.go:44.3,44.9 1 0
gitlab.citydrive.tech/back-end/go/pkg/http-client/examples/retry/main.go:47.2,58.16 8 0
gitlab.citydrive.tech/back-end/go/pkg/http-client/examples/retry/main.go:58.16,61.3 2 0
gitlab.citydrive.tech/back-end/go/pkg/http-client/examples/retry/main.go:63.2,64.19 2 0
gitlab.citydrive.tech/back-end/go/pkg/http-client/examples/example/main.go:14.13,35.16 7 0
gitlab.citydrive.tech/back-end/go/pkg/http-client/examples/example/main.go:35.16,37.3 1 0
gitlab.citydrive.tech/back-end/go/pkg/http-client/examples/example/main.go:37.8,40.3 2 0
gitlab.citydrive.tech/back-end/go/pkg/http-client/examples/example/main.go:43.2,48.16 5 0
gitlab.citydrive.tech/back-end/go/pkg/http-client/examples/example/main.go:48.16,50.3 1 0
gitlab.citydrive.tech/back-end/go/pkg/http-client/examples/example/main.go:50.8,53.3 2 0
gitlab.citydrive.tech/back-end/go/pkg/http-client/examples/example/main.go:55.2,55.47 1 0
gitlab.citydrive.tech/back-end/go/pkg/http-client/examples/body_options_demo/main.go:24.13,46.16 8 0
gitlab.citydrive.tech/back-end/go/pkg/http-client/examples/body_options_demo/main.go:46.16,48.3 1 0
gitlab.citydrive.tech/back-end/go/pkg/http-client/examples/body_options_demo/main.go:48.8,51.3 2 0
gitlab.citydrive.tech/back-end/go/pkg/http-client/examples/body_options_demo/main.go:54.2,65.16 4 0
gitlab.citydrive.tech/back-end/go/pkg/http-client/examples/body_options_demo/main.go:65.16,67.3 1 0
gitlab.citydrive.tech/back-end/go/pkg/http-client/examples/body_options_demo/main.go:67.8,70.3 2 0
gitlab.citydrive.tech/back-end/go/pkg/http-client/examples/body_options_demo/main.go:73.2,78.16 3 0
gitlab.citydrive.tech/back-end/go/pkg/http-client/examples/body_options_demo/main.go:78.16,80.3 1 0
gitlab.citydrive.tech/back-end/go/pkg/http-client/examples/body_options_demo/main.go:80.8,83.3 2 0
gitlab.citydrive.tech/back-end/go/pkg/http-client/examples/body_options_demo/main.go:86.2,93.16 4 0
gitlab.citydrive.tech/back-end/go/pkg/http-client/examples/body_options_demo/main.go:93.16,95.3 1 0
gitlab.citydrive.tech/back-end/go/pkg/http-client/examples/body_options_demo/main.go:95.8,98.3 2 0
gitlab.citydrive.tech/back-end/go/pkg/http-client/examples/body_options_demo/main.go:101.2,112.16 4 0
gitlab.citydrive.tech/back-end/go/pkg/http-client/examples/body_options_demo/main.go:112.16,114.3 1 0
gitlab.citydrive.tech/back-end/go/pkg/http-client/examples/body_options_demo/main.go:114.8,117.3 2 0
gitlab.citydrive.tech/back-end/go/pkg/http-client/examples/body_options_demo/main.go:120.2,128.16 4 0
gitlab.citydrive.tech/back-end/go/pkg/http-client/examples/body_options_demo/main.go:128.16,130.3 1 0
gitlab.citydrive.tech/back-end/go/pkg/http-client/examples/body_options_demo/main.go:130.8,133.3 2 0
gitlab.citydrive.tech/back-end/go/pkg/http-client/examples/body_options_demo/main.go:136.2,144.16 4 0
gitlab.citydrive.tech/back-end/go/pkg/http-client/examples/body_options_demo/main.go:144.16,146.3 1 0
gitlab.citydrive.tech/back-end/go/pkg/http-client/examples/body_options_demo/main.go:146.8,149.3 2 0
gitlab.citydrive.tech/back-end/go/pkg/http-client/examples/body_options_demo/main.go:152.2,158.16 3 0
gitlab.citydrive.tech/back-end/go/pkg/http-client/examples/body_options_demo/main.go:158.16,160.3 1 0
gitlab.citydrive.tech/back-end/go/pkg/http-client/examples/body_options_demo/main.go:160.8,163.3 2 0
gitlab.citydrive.tech/back-end/go/pkg/http-client/examples/body_options_demo/main.go:165.2,165.70 1 0
gitlab.citydrive.tech/back-end/go/pkg/http-client/examples/new_api_demo/main.go:13.13,29.16 7 0
gitlab.citydrive.tech/back-end/go/pkg/http-client/examples/new_api_demo/main.go:29.16,31.3 1 0
gitlab.citydrive.tech/back-end/go/pkg/http-client/examples/new_api_demo/main.go:31.8,34.3 2 0
gitlab.citydrive.tech/back-end/go/pkg/http-client/examples/new_api_demo/main.go:37.2,45.16 4 0
gitlab.citydrive.tech/back-end/go/pkg/http-client/examples/new_api_demo/main.go:45.16,47.3 1 0
gitlab.citydrive.tech/back-end/go/pkg/http-client/examples/new_api_demo/main.go:47.8,50.3 2 0
gitlab.citydrive.tech/back-end/go/pkg/http-client/examples/new_api_demo/main.go:53.2,61.16 4 0
gitlab.citydrive.tech/back-end/go/pkg/http-client/examples/new_api_demo/main.go:61.16,63.3 1 0
gitlab.citydrive.tech/back-end/go/pkg/http-client/examples/new_api_demo/main.go:63.8,66.3 2 0
gitlab.citydrive.tech/back-end/go/pkg/http-client/examples/new_api_demo/main.go:69.2,77.16 4 0
gitlab.citydrive.tech/back-end/go/pkg/http-client/examples/new_api_demo/main.go:77.16,79.3 1 0
gitlab.citydrive.tech/back-end/go/pkg/http-client/examples/new_api_demo/main.go:79.8,82.3 2 0
gitlab.citydrive.tech/back-end/go/pkg/http-client/examples/new_api_demo/main.go:85.2,91.16 4 0
gitlab.citydrive.tech/back-end/go/pkg/http-client/examples/new_api_demo/main.go:91.16,93.3 1 0
gitlab.citydrive.tech/back-end/go/pkg/http-client/examples/new_api_demo/main.go:93.8,96.3 2 0
gitlab.citydrive.tech/back-end/go/pkg/http-client/examples/new_api_demo/main.go:99.2,111.16 4 0
gitlab.citydrive.tech/back-end/go/pkg/http-client/examples/new_api_demo/main.go:111.16,113.3 1 0
gitlab.citydrive.tech/back-end/go/pkg/http-client/examples/new_api_demo/main.go:113.8,116.3 2 0
gitlab.citydrive.tech/back-end/go/pkg/http-client/examples/new_api_demo/main.go:118.2,118.70 1 0
gitlab.citydrive.tech/back-end/go/pkg/http-client/examples/idempotency/main.go:15.13,33.16 7 0
gitlab.citydrive.tech/back-end/go/pkg/http-client/examples/idempotency/main.go:33.16,35.3 1 0
gitlab.citydrive.tech/back-end/go/pkg/http-client/examples/idempotency/main.go:35.8,38.3 2 0
gitlab.citydrive.tech/back-end/go/pkg/http-client/examples/idempotency/main.go:40.2,49.16 6 0
gitlab.citydrive.tech/back-end/go/pkg/http-client/examples/idempotency/main.go:49.16,51.3 1 0
gitlab.citydrive.tech/back-end/go/pkg/http-client/examples/idempotency/main.go:51.8,54.3 2 0
gitlab.citydrive.tech/back-end/go/pkg/http-client/examples/idempotency/main.go:56.2,67.16 7 0
gitlab.citydrive.tech/back-end/go/pkg/http-client/examples/idempotency/main.go:67.16,69.3 1 0
gitlab.citydrive.tech/back-end/go/pkg/http-client/examples/idempotency/main.go:69.8,72.3 2 0
gitlab.citydrive.tech/back-end/go/pkg/http-client/examples/idempotency/main.go:74.2,84.16 7 0
gitlab.citydrive.tech/back-end/go/pkg/http-client/examples/idempotency/main.go:84.16,86.3 1 0
gitlab.citydrive.tech/back-end/go/pkg/http-client/examples/idempotency/main.go:86.8,89.3 2 0
gitlab.citydrive.tech/back-end/go/pkg/http-client/examples/idempotency/main.go:91.2,94.116 4 0
gitlab.citydrive.tech/back-end/go/pkg/http-client/examples/basic_usage/main.go:19.13,21.41 1 0
gitlab.citydrive.tech/back-end/go/pkg/http-client/examples/basic_usage/main.go:21.41,23.3 1 0
gitlab.citydrive.tech/back-end/go/pkg/http-client/examples/basic_usage/main.go:26.2,37.55 5 0
gitlab.citydrive.tech/back-end/go/pkg/http-client/examples/basic_usage/main.go:37.55,39.3 1 0
gitlab.citydrive.tech/back-end/go/pkg/http-client/examples/basic_usage/main.go:42.2,42.56 1 0
gitlab.citydrive.tech/back-end/go/pkg/http-client/examples/basic_usage/main.go:42.56,44.3 1 0
gitlab.citydrive.tech/back-end/go/pkg/http-client/examples/basic_usage/main.go:47.2,47.27 1 0
gitlab.citydrive.tech/back-end/go/pkg/http-client/examples/basic_usage/main.go:51.29,54.16 2 0
gitlab.citydrive.tech/back-end/go/pkg/http-client/examples/basic_usage/main.go:54.16,56.3 1 0
gitlab.citydrive.tech/back-end/go/pkg/http-client/examples/basic_usage/main.go:59.2,66.12 3 0
gitlab.citydrive.tech/back-end/go/pkg/http-client/examples/basic_usage/main.go:70.78,74.16 3 0
gitlab.citydrive.tech/back-end/go/pkg/http-client/examples/basic_usage/main.go:74.16,76.3 1 0
gitlab.citydrive.tech/back-end/go/pkg/http-client/examples/basic_usage/main.go:77.2,83.16 4 0
gitlab.citydrive.tech/back-end/go/pkg/http-client/examples/basic_usage/main.go:83.16,85.3 1 0
gitlab.citydrive.tech/back-end/go/pkg/http-client/examples/basic_usage/main.go:87.2,88.12 2 0
gitlab.citydrive.tech/back-end/go/pkg/http-client/examples/basic_usage/main.go:92.79,97.16 4 0
gitlab.citydrive.tech/back-end/go/pkg/http-client/examples/basic_usage/main.go:97.16,99.3 1 0
gitlab.citydrive.tech/back-end/go/pkg/http-client/examples/basic_usage/main.go:100.2,106.16 4 0
gitlab.citydrive.tech/back-end/go/pkg/http-client/examples/basic_usage/main.go:106.16,108.3 1 0
gitlab.citydrive.tech/back-end/go/pkg/http-client/examples/basic_usage/main.go:110.2,111.12 2 0
gitlab.citydrive.tech/back-end/go/pkg/http-client/examples/basic_usage/main.go:115.32,126.12 4 0
gitlab.citydrive.tech/back-end/go/pkg/http-client/examples/basic_usage/main.go:126.12,127.80 1 0
gitlab.citydrive.tech/back-end/go/pkg/http-client/examples/basic_usage/main.go:127.80,129.4 1 0
gitlab.citydrive.tech/back-end/go/pkg/http-client/examples/basic_usage/main.go:133.2,138.94 4 0
gitlab.citydrive.tech/back-end/go/pkg/http-client/examples/circuit_breaker/main.go:11.13,18.25 3 0
gitlab.citydrive.tech/back-end/go/pkg/http-client/examples/circuit_breaker/main.go:18.25,20.17 2 0
gitlab.citydrive.tech/back-end/go/pkg/http-client/examples/circuit_breaker/main.go:20.17,22.4 1 0
gitlab.citydrive.tech/back-end/go/pkg/http-client/examples/circuit_breaker/main.go:22.9,25.4 2 0
gitlab.citydrive.tech/back-end/go/pkg/http-client/examples/circuit_breaker/main.go:26.3,26.37 1 0
gitlab.citydrive.tech/back-end/go/pkg/http-client/examples/circuit_breaker/main.go:30.2,34.64 1 0
gitlab.citydrive.tech/back-end/go/pkg/http-client/examples/circuit_breaker/main.go:34.64,36.4 1 0
gitlab.citydrive.tech/back-end/go/pkg/http-client/examples/circuit_breaker/main.go:39.2,45.25 3 0
gitlab.citydrive.tech/back-end/go/pkg/http-client/examples/circuit_breaker/main.go:45.25,47.17 2 0
gitlab.citydrive.tech/back-end/go/pkg/http-client/examples/circuit_breaker/main.go:47.17,49.4 1 0
gitlab.citydrive.tech/back-end/go/pkg/http-client/examples/circuit_breaker/main.go:49.9,52.4 2 0
gitlab.citydrive.tech/back-end/go/pkg/http-client/examples/circuit_breaker/main.go:53.3,53.37 1 0
gitlab.citydrive.tech/back-end/go/pkg/http-client/examples/metrics/main.go:16.13,19.16 2 0
gitlab.citydrive.tech/back-end/go/pkg/http-client/examples/metrics/main.go:19.16,21.3 1 0
gitlab.citydrive.tech/back-end/go/pkg/http-client/examples/metrics/main.go:23.2,42.25 7 0
gitlab.citydrive.tech/back-end/go/pkg/http-client/examples/metrics/main.go:42.25,44.17 2 0
gitlab.citydrive.tech/back-end/go/pkg/http-client/examples/metrics/main.go:44.17,46.12 2 0
gitlab.citydrive.tech/back-end/go/pkg/http-client/examples/metrics/main.go:48.3,51.37 3 0
gitlab.citydrive.tech/back-end/go/pkg/http-client/examples/metrics/main.go:55.2,56.25 2 0
gitlab.citydrive.tech/back-end/go/pkg/http-client/examples/metrics/main.go:56.25,58.17 2 0
gitlab.citydrive.tech/back-end/go/pkg/http-client/examples/metrics/main.go:58.17,60.4 1 0
gitlab.citydrive.tech/back-end/go/pkg/http-client/examples/metrics/main.go:60.9,63.4 2 0
gitlab.citydrive.tech/back-end/go/pkg/http-client/examples/metrics/main.go:65.3,65.37 1 0
gitlab.citydrive.tech/back-end/go/pkg/http-client/examples/metrics/main.go:68.2,69.115 2 0
gitlab.citydrive.tech/back-end/go/pkg/http-client/backoff.go:10.106,11.18 1 171
gitlab.citydrive.tech/back-end/go/pkg/http-client/backoff.go:11.18,13.3 1 28
gitlab.citydrive.tech/back-end/go/pkg/http-client/backoff.go:16.2,20.22 3 143
gitlab.citydrive.tech/back-end/go/pkg/http-client/backoff.go:20.22,22.3 1 4
gitlab.citydrive.tech/back-end/go/pkg/http-client/backoff.go:25.2,25.44 1 143
gitlab.citydrive.tech/back-end/go/pkg/http-client/backoff.go:25.44,28.22 2 126
gitlab.citydrive.tech/back-end/go/pkg/http-client/backoff.go:28.22,34.27 3 126
gitlab.citydrive.tech/back-end/go/pkg/http-client/backoff.go:34.27,36.5 1 61
gitlab.citydrive.tech/back-end/go/pkg/http-client/backoff.go:36.10,38.5 1 65
gitlab.citydrive.tech/back-end/go/pkg/http-client/backoff.go:43.2,43.15 1 143
gitlab.citydrive.tech/back-end/go/pkg/http-client/backoff.go:43.15,45.3 1 0
gitlab.citydrive.tech/back-end/go/pkg/http-client/backoff.go:46.2,46.22 1 143
gitlab.citydrive.tech/back-end/go/pkg/http-client/backoff.go:46.22,48.3 1 0
gitlab.citydrive.tech/back-end/go/pkg/http-client/backoff.go:50.2,50.14 1 143
gitlab.citydrive.tech/back-end/go/pkg/http-client/backoff.go:54.96,56.2 1 7
gitlab.citydrive.tech/back-end/go/pkg/http-client/backoff.go:59.91,61.22 2 7
gitlab.citydrive.tech/back-end/go/pkg/http-client/backoff.go:61.22,63.3 1 1
gitlab.citydrive.tech/back-end/go/pkg/http-client/backoff.go:64.2,64.14 1 7
gitlab.citydrive.tech/back-end/go/pkg/http-client/backoff.go:68.70,70.2 1 10
gitlab.citydrive.tech/back-end/go/pkg/http-client/circuit_breaker.go:31.46,32.11 1 10
gitlab.citydrive.tech/back-end/go/pkg/http-client/circuit_breaker.go:33.28,34.18 1 3
gitlab.citydrive.tech/back-end/go/pkg/http-client/circuit_breaker.go:35.26,36.16 1 3
gitlab.citydrive.tech/back-end/go/pkg/http-client/circuit_breaker.go:37.30,38.21 1 3
gitlab.citydrive.tech/back-end/go/pkg/http-client/circuit_breaker.go:39.10,40.19 1 1
gitlab.citydrive.tech/back-end/go/pkg/http-client/circuit_breaker.go:73.56,74.14 1 21
gitlab.citydrive.tech/back-end/go/pkg/http-client/circuit_breaker.go:74.14,76.3 1 0
gitlab.citydrive.tech/back-end/go/pkg/http-client/circuit_breaker.go:77.2,77.25 1 21
gitlab.citydrive.tech/back-end/go/pkg/http-client/circuit_breaker.go:80.42,83.2 2 0
gitlab.citydrive.tech/back-end/go/pkg/http-client/circuit_breaker.go:85.50,87.2 1 24
gitlab.citydrive.tech/back-end/go/pkg/http-client/circuit_breaker.go:90.54,93.49 1 15
gitlab.citydrive.tech/back-end/go/pkg/http-client/circuit_breaker.go:93.50,95.4 0 2
gitlab.citydrive.tech/back-end/go/pkg/http-client/circuit_breaker.go:103.85,112.2 1 28
gitlab.citydrive.tech/back-end/go/pkg/http-client/circuit_breaker.go:115.100,118.14 2 146
gitlab.citydrive.tech/back-end/go/pkg/http-client/circuit_breaker.go:118.14,120.3 1 10
gitlab.citydrive.tech/back-end/go/pkg/http-client/circuit_breaker.go:122.2,126.18 3 136
gitlab.citydrive.tech/back-end/go/pkg/http-client/circuit_breaker.go:129.87,130.17 1 20
gitlab.citydrive.tech/back-end/go/pkg/http-client/circuit_breaker.go:130.17,132.3 1 0
gitlab.citydrive.tech/back-end/go/pkg/http-client/circuit_breaker.go:134.2,149.32 2 20
gitlab.citydrive.tech/back-end/go/pkg/http-client/circuit_breaker.go:149.32,151.3 1 27
gitlab.citydrive.tech/back-end/go/pkg/http-client/circuit_breaker.go:152.2,152.33 1 20
gitlab.citydrive.tech/back-end/go/pkg/http-client/circuit_breaker.go:152.33,154.3 1 1
gitlab.citydrive.tech/back-end/go/pkg/http-client/circuit_breaker.go:157.2,157.22 1 20
gitlab.citydrive.tech/back-end/go/pkg/http-client/circuit_breaker.go:157.22,160.39 2 15
gitlab.citydrive.tech/back-end/go/pkg/http-client/circuit_breaker.go:160.39,166.4 3 10
gitlab.citydrive.tech/back-end/go/pkg/http-client/circuit_breaker.go:166.9,171.4 2 5
gitlab.citydrive.tech/back-end/go/pkg/http-client/circuit_breaker.go:174.2,174.14 1 20
gitlab.citydrive.tech/back-end/go/pkg/http-client/circuit_breaker.go:178.61,182.2 3 26
gitlab.citydrive.tech/back-end/go/pkg/http-client/circuit_breaker.go:185.41,195.73 8 1
gitlab.citydrive.tech/back-end/go/pkg/http-client/circuit_breaker.go:195.73,197.3 1 1
gitlab.citydrive.tech/back-end/go/pkg/http-client/circuit_breaker.go:201.91,206.32 4 146
gitlab.citydrive.tech/back-end/go/pkg/http-client/circuit_breaker.go:206.32,209.3 1 124
gitlab.citydrive.tech/back-end/go/pkg/http-client/circuit_breaker.go:211.2,211.18 1 146
gitlab.citydrive.tech/back-end/go/pkg/http-client/circuit_breaker.go:212.28,213.28 1 129
gitlab.citydrive.tech/back-end/go/pkg/http-client/circuit_breaker.go:214.26,216.50 1 16
gitlab.citydrive.tech/back-end/go/pkg/http-client/circuit_breaker.go:216.50,219.4 2 6
gitlab.citydrive.tech/back-end/go/pkg/http-client/circuit_breaker.go:220.3,220.29 1 10
gitlab.citydrive.tech/back-end/go/pkg/http-client/circuit_breaker.go:221.30,222.28 1 1
gitlab.citydrive.tech/back-end/go/pkg/http-client/circuit_breaker.go:223.10,224.29 1 0
gitlab.citydrive.tech/back-end/go/pkg/http-client/circuit_breaker.go:229.78,236.31 4 135
gitlab.citydrive.tech/back-end/go/pkg/http-client/circuit_breaker.go:236.31,239.3 1 57
gitlab.citydrive.tech/back-end/go/pkg/http-client/circuit_breaker.go:241.2,241.18 1 135
gitlab.citydrive.tech/back-end/go/pkg/http-client/circuit_breaker.go:242.28,243.16 1 128
gitlab.citydrive.tech/back-end/go/pkg/http-client/circuit_breaker.go:243.16,245.4 1 72
gitlab.citydrive.tech/back-end/go/pkg/http-client/circuit_breaker.go:245.9,248.73 3 56
gitlab.citydrive.tech/back-end/go/pkg/http-client/circuit_breaker.go:248.73,250.5 1 11
gitlab.citydrive.tech/back-end/go/pkg/http-client/circuit_breaker.go:252.26,252.26 0 0
gitlab.citydrive.tech/back-end/go/pkg/http-client/circuit_breaker.go:255.30,256.16 1 7
gitlab.citydrive.tech/back-end/go/pkg/http-client/circuit_breaker.go:256.16,258.46 2 6
gitlab.citydrive.tech/back-end/go/pkg/http-client/circuit_breaker.go:258.46,262.5 3 5
gitlab.citydrive.tech/back-end/go/pkg/http-client/circuit_breaker.go:263.9,268.4 4 1
gitlab.citydrive.tech/back-end/go/pkg/http-client/circuit_breaker.go:273.87,274.17 1 57
gitlab.citydrive.tech/back-end/go/pkg/http-client/circuit_breaker.go:274.17,276.3 1 0
gitlab.citydrive.tech/back-end/go/pkg/http-client/circuit_breaker.go:278.2,294.32 2 57
gitlab.citydrive.tech/back-end/go/pkg/http-client/circuit_breaker.go:294.32,296.3 1 26
gitlab.citydrive.tech/back-end/go/pkg/http-client/circuit_breaker.go:297.2,297.33 1 57
gitlab.citydrive.tech/back-end/go/pkg/http-client/circuit_breaker.go:297.33,299.3 1 0
gitlab.citydrive.tech/back-end/go/pkg/http-client/circuit_breaker.go:302.2,302.22 1 57
gitlab.citydrive.tech/back-end/go/pkg/http-client/circuit_breaker.go:302.22,305.39 2 9
gitlab.citydrive.tech/back-end/go/pkg/http-client/circuit_breaker.go:305.39,310.4 3 8
gitlab.citydrive.tech/back-end/go/pkg/http-client/circuit_breaker.go:310.9,314.4 2 1
gitlab.citydrive.tech/back-end/go/pkg/http-client/circuit_breaker.go:315.8,318.3 1 48
gitlab.citydrive.tech/back-end/go/pkg/http-client/circuit_breaker.go:320.2,320.14 1 57
gitlab.citydrive.tech/back-end/go/pkg/http-client/circuit_breaker.go:324.80,325.16 1 143
gitlab.citydrive.tech/back-end/go/pkg/http-client/circuit_breaker.go:325.16,327.3 1 1
gitlab.citydrive.tech/back-end/go/pkg/http-client/circuit_breaker.go:329.2,329.17 1 142
gitlab.citydrive.tech/back-end/go/pkg/http-client/circuit_breaker.go:329.17,331.3 1 2
gitlab.citydrive.tech/back-end/go/pkg/http-client/circuit_breaker.go:333.2,333.28 1 140
gitlab.citydrive.tech/back-end/go/pkg/http-client/circuit_breaker.go:333.28,335.3 1 0
gitlab.citydrive.tech/back-end/go/pkg/http-client/circuit_breaker.go:337.2,337.51 1 140
gitlab.citydrive.tech/back-end/go/pkg/http-client/circuit_breaker.go:337.51,339.3 1 1
gitlab.citydrive.tech/back-end/go/pkg/http-client/circuit_breaker.go:340.2,340.30 1 139
gitlab.citydrive.tech/back-end/go/pkg/http-client/circuit_breaker.go:344.72,348.61 3 23
gitlab.citydrive.tech/back-end/go/pkg/http-client/circuit_breaker.go:348.61,350.3 1 4
gitlab.citydrive.tech/back-end/go/pkg/http-client/circuit_breaker.go:359.79,363.2 1 2
gitlab.citydrive.tech/back-end/go/pkg/http-client/circuit_breaker.go:366.139,367.67 1 2
gitlab.citydrive.tech/back-end/go/pkg/http-client/circuit_breaker.go:367.67,369.3 1 1
gitlab.citydrive.tech/back-end/go/pkg/http-client/client.go:23.51,28.21 2 45
gitlab.citydrive.tech/back-end/go/pkg/http-client/client.go:28.21,30.3 1 0
gitlab.citydrive.tech/back-end/go/pkg/http-client/client.go:33.2,37.27 3 45
gitlab.citydrive.tech/back-end/go/pkg/http-client/client.go:37.27,39.3 1 1
gitlab.citydrive.tech/back-end/go/pkg/http-client/client.go:42.2,61.3 3 45
gitlab.citydrive.tech/back-end/go/pkg/http-client/client.go:65.102,67.16 2 31
gitlab.citydrive.tech/back-end/go/pkg/http-client/client.go:67.16,69.3 1 0
gitlab.citydrive.tech/back-end/go/pkg/http-client/client.go:70.2,71.29 2 31
gitlab.citydrive.tech/back-end/go/pkg/http-client/client.go:75.119,77.16 2 3
gitlab.citydrive.tech/back-end/go/pkg/http-client/client.go:77.16,79.3 1 0
gitlab.citydrive.tech/back-end/go/pkg/http-client/client.go:80.2,81.29 2 3
gitlab.citydrive.tech/back-end/go/pkg/http-client/client.go:85.118,87.16 2 1
gitlab.citydrive.tech/back-end/go/pkg/http-client/client.go:87.16,89.3 1 0
gitlab.citydrive.tech/back-end/go/pkg/http-client/client.go:90.2,91.29 2 1
gitlab.citydrive.tech/back-end/go/pkg/http-client/client.go:95.105,97.16 2 1
gitlab.citydrive.tech/back-end/go/pkg/http-client/client.go:97.16,99.3 1 0
gitlab.citydrive.tech/back-end/go/pkg/http-client/client.go:100.2,101.29 2 1
gitlab.citydrive.tech/back-end/go/pkg/http-client/client.go:105.103,107.16 2 1
gitlab.citydrive.tech/back-end/go/pkg/http-client/client.go:107.16,109.3 1 0
gitlab.citydrive.tech/back-end/go/pkg/http-client/client.go:110.2,111.29 2 1
gitlab.citydrive.tech/back-end/go/pkg/http-client/client.go:115.120,117.16 2 0
gitlab.citydrive.tech/back-end/go/pkg/http-client/client.go:117.16,119.3 1 0
gitlab.citydrive.tech/back-end/go/pkg/http-client/client.go:120.2,121.29 2 0
gitlab.citydrive.tech/back-end/go/pkg/http-client/client.go:125.64,127.2 1 12
gitlab.citydrive.tech/back-end/go/pkg/http-client/client.go:130.101,132.2 1 0
gitlab.citydrive.tech/back-end/go/pkg/http-client/client.go:135.37,137.2 1 1
gitlab.citydrive.tech/back-end/go/pkg/http-client/client.go:140.32,141.22 1 39
gitlab.citydrive.tech/back-end/go/pkg/http-client/client.go:141.22,143.3 1 39
gitlab.citydrive.tech/back-end/go/pkg/http-client/client.go:144.2,144.12 1 0
gitlab.citydrive.tech/back-end/go/pkg/http-client/client.go:148.117,150.2 1 0
gitlab.citydrive.tech/back-end/go/pkg/http-client/client.go:153.134,155.2 1 0
gitlab.citydrive.tech/back-end/go/pkg/http-client/client.go:158.133,160.2 1 0
gitlab.citydrive.tech/back-end/go/pkg/http-client/client.go:163.120,165.2 1 0
gitlab.citydrive.tech/back-end/go/pkg/http-client/client.go:168.118,170.2 1 0
gitlab.citydrive.tech/back-end/go/pkg/http-client/client.go:173.135,175.2 1 0
gitlab.citydrive.tech/back-end/go/pkg/http-client/config.go:64.39,65.20 1 63
gitlab.citydrive.tech/back-end/go/pkg/http-client/config.go:65.20,67.3 1 59
gitlab.citydrive.tech/back-end/go/pkg/http-client/config.go:69.2,69.26 1 63
gitlab.citydrive.tech/back-end/go/pkg/http-client/config.go:69.26,71.3 1 56
gitlab.citydrive.tech/back-end/go/pkg/http-client/config.go:73.2,73.24 1 63
gitlab.citydrive.tech/back-end/go/pkg/http-client/config.go:73.24,75.3 1 50
gitlab.citydrive.tech/back-end/go/pkg/http-client/config.go:77.2,77.20 1 63
gitlab.citydrive.tech/back-end/go/pkg/http-client/config.go:77.20,79.3 1 36
gitlab.citydrive.tech/back-end/go/pkg/http-client/config.go:82.2,82.55 1 63
gitlab.citydrive.tech/back-end/go/pkg/http-client/config.go:82.55,84.3 1 0
gitlab.citydrive.tech/back-end/go/pkg/http-client/config.go:86.2,86.10 1 63
gitlab.citydrive.tech/back-end/go/pkg/http-client/config.go:90.50,91.25 1 43
gitlab.citydrive.tech/back-end/go/pkg/http-client/config.go:91.25,93.3 1 9
gitlab.citydrive.tech/back-end/go/pkg/http-client/config.go:95.2,95.23 1 43
gitlab.citydrive.tech/back-end/go/pkg/http-client/config.go:95.23,97.3 1 11
gitlab.citydrive.tech/back-end/go/pkg/http-client/config.go:99.2,99.22 1 43
gitlab.citydrive.tech/back-end/go/pkg/http-client/config.go:99.22,101.3 1 28
gitlab.citydrive.tech/back-end/go/pkg/http-client/config.go:103.2,103.20 1 43
gitlab.citydrive.tech/back-end/go/pkg/http-client/config.go:103.20,105.3 1 40
gitlab.citydrive.tech/back-end/go/pkg/http-client/config.go:107.2,107.31 1 43
gitlab.citydrive.tech/back-end/go/pkg/http-client/config.go:107.31,115.3 1 18
gitlab.citydrive.tech/back-end/go/pkg/http-client/config.go:117.2,117.35 1 43
gitlab.citydrive.tech/back-end/go/pkg/http-client/config.go:117.35,119.3 1 15
gitlab.citydrive.tech/back-end/go/pkg/http-client/config.go:122.2,122.27 1 43
gitlab.citydrive.tech/back-end/go/pkg/http-client/config.go:122.27,124.3 1 39
gitlab.citydrive.tech/back-end/go/pkg/http-client/config.go:126.2,126.11 1 43
gitlab.citydrive.tech/back-end/go/pkg/http-client/config.go:130.66,134.46 2 55
gitlab.citydrive.tech/back-end/go/pkg/http-client/config.go:134.46,136.3 1 43
gitlab.citydrive.tech/back-end/go/pkg/http-client/config.go:139.2,139.43 1 12
gitlab.citydrive.tech/back-end/go/pkg/http-client/config.go:139.43,141.3 1 12
gitlab.citydrive.tech/back-end/go/pkg/http-client/config.go:143.2,143.14 1 0
gitlab.citydrive.tech/back-end/go/pkg/http-client/config.go:147.58,149.2 1 114
gitlab.citydrive.tech/back-end/go/pkg/http-client/errors.go:20.36,22.2 1 4
gitlab.citydrive.tech/back-end/go/pkg/http-client/errors.go:25.34,28.2 2 5
gitlab.citydrive.tech/back-end/go/pkg/http-client/errors.go:31.70,39.2 1 2
gitlab.citydrive.tech/back-end/go/pkg/http-client/errors.go:49.51,50.24 1 5
gitlab.citydrive.tech/back-end/go/pkg/http-client/errors.go:50.24,52.3 1 3
gitlab.citydrive.tech/back-end/go/pkg/http-client/errors.go:53.2,53.96 1 2
gitlab.citydrive.tech/back-end/go/pkg/http-client/errors.go:57.51,59.2 1 4
gitlab.citydrive.tech/back-end/go/pkg/http-client/errors.go:68.47,70.2 1 3
gitlab.citydrive.tech/back-end/go/pkg/http-client/errors.go:80.45,82.2 1 2
gitlab.citydrive.tech/back-end/go/pkg/http-client/errors.go:85.97,91.2 1 2
gitlab.citydrive.tech/back-end/go/pkg/http-client/metrics.go:35.44,86.2 8 67
gitlab.citydrive.tech/back-end/go/pkg/http-client/metrics.go:89.105,99.2 1 108
gitlab.citydrive.tech/back-end/go/pkg/http-client/metrics.go:102.115,111.2 1 109
gitlab.citydrive.tech/back-end/go/pkg/http-client/metrics.go:114.81,122.2 1 47
gitlab.citydrive.tech/back-end/go/pkg/http-client/metrics.go:125.81,131.2 1 6
gitlab.citydrive.tech/back-end/go/pkg/http-client/metrics.go:134.91,141.2 1 66
gitlab.citydrive.tech/back-end/go/pkg/http-client/metrics.go:144.100,152.2 1 105
gitlab.citydrive.tech/back-end/go/pkg/http-client/metrics.go:155.79,162.2 1 61
gitlab.citydrive.tech/back-end/go/pkg/http-client/metrics.go:165.79,172.2 1 61
gitlab.citydrive.tech/back-end/go/pkg/http-client/metrics.go:175.33,178.2 1 40
gitlab.citydrive.tech/back-end/go/pkg/http-client/options.go:20.50,21.33 1 5
gitlab.citydrive.tech/back-end/go/pkg/http-client/options.go:21.33,23.3 1 5
gitlab.citydrive.tech/back-end/go/pkg/http-client/options.go:27.59,28.33 1 0
gitlab.citydrive.tech/back-end/go/pkg/http-client/options.go:28.33,29.35 1 0
gitlab.citydrive.tech/back-end/go/pkg/http-client/options.go:29.35,31.4 1 0
gitlab.citydrive.tech/back-end/go/pkg/http-client/options.go:36.56,38.2 1 3
gitlab.citydrive.tech/back-end/go/pkg/http-client/options.go:41.51,43.2 1 1
gitlab.citydrive.tech/back-end/go/pkg/http-client/options.go:46.50,48.2 1 1
gitlab.citydrive.tech/back-end/go/pkg/http-client/options.go:51.51,53.2 1 0
gitlab.citydrive.tech/back-end/go/pkg/http-client/options.go:56.52,58.2 1 0
gitlab.citydrive.tech/back-end/go/pkg/http-client/options.go:61.46,63.2 1 0
gitlab.citydrive.tech/back-end/go/pkg/http-client/options.go:66.60,67.27 1 37
gitlab.citydrive.tech/back-end/go/pkg/http-client/options.go:67.27,69.3 1 6
gitlab.citydrive.tech/back-end/go/pkg/http-client/options.go:73.48,74.33 1 4
gitlab.citydrive.tech/back-end/go/pkg/http-client/options.go:74.33,76.17 2 4
gitlab.citydrive.tech/back-end/go/pkg/http-client/options.go:76.17,82.4 3 1
gitlab.citydrive.tech/back-end/go/pkg/http-client/options.go:83.3,85.53 3 3
gitlab.citydrive.tech/back-end/go/pkg/http-client/options.go:90.52,91.33 1 1
gitlab.citydrive.tech/back-end/go/pkg/http-client/options.go:91.33,96.3 4 1
gitlab.citydrive.tech/back-end/go/pkg/http-client/options.go:100.47,101.33 1 2
gitlab.citydrive.tech/back-end/go/pkg/http-client/options.go:101.33,103.17 2 2
gitlab.citydrive.tech/back-end/go/pkg/http-client/options.go:103.17,107.4 3 1
gitlab.citydrive.tech/back-end/go/pkg/http-client/options.go:108.3,110.52 3 1
gitlab.citydrive.tech/back-end/go/pkg/http-client/options.go:115.46,116.33 1 1
gitlab.citydrive.tech/back-end/go/pkg/http-client/options.go:116.33,120.3 3 1
gitlab.citydrive.tech/back-end/go/pkg/http-client/options.go:125.48,126.33 1 5
gitlab.citydrive.tech/back-end/go/pkg/http-client/options.go:126.33,127.18 1 5
gitlab.citydrive.tech/back-end/go/pkg/http-client/options.go:127.18,131.4 3 1
gitlab.citydrive.tech/back-end/go/pkg/http-client/options.go:134.3,134.27 1 4
gitlab.citydrive.tech/back-end/go/pkg/http-client/options.go:135.22,136.38 1 1
gitlab.citydrive.tech/back-end/go/pkg/http-client/options.go:137.22,138.38 1 1
gitlab.citydrive.tech/back-end/go/pkg/http-client/options.go:139.24,140.38 1 1
gitlab.citydrive.tech/back-end/go/pkg/http-client/options.go:141.11,142.26 1 1
gitlab.citydrive.tech/back-end/go/pkg/http-client/options.go:145.3,146.10 2 4
gitlab.citydrive.tech/back-end/go/pkg/http-client/options.go:146.10,148.4 1 4
gitlab.citydrive.tech/back-end/go/pkg/http-client/options.go:149.3,149.16 1 4
gitlab.citydrive.tech/back-end/go/pkg/http-client/options.go:155.85,156.33 1 1
gitlab.citydrive.tech/back-end/go/pkg/http-client/options.go:156.33,159.34 2 1
gitlab.citydrive.tech/back-end/go/pkg/http-client/options.go:159.34,163.4 3 2
gitlab.citydrive.tech/back-end/go/pkg/http-client/options.go:164.3,168.92 4 1
gitlab.citydrive.tech/back-end/go/pkg/http-client/retry.go:28.42,30.2 1 3
gitlab.citydrive.tech/back-end/go/pkg/http-client/retry.go:32.44,34.2 1 6
gitlab.citydrive.tech/back-end/go/pkg/http-client/retry.go:36.42,38.2 1 2
gitlab.citydrive.tech/back-end/go/pkg/http-client/retry.go:41.41,46.2 1 3
gitlab.citydrive.tech/back-end/go/pkg/http-client/retry.go:49.44,54.2 1 3
gitlab.citydrive.tech/back-end/go/pkg/http-client/retry.go:57.39,58.16 1 16
gitlab.citydrive.tech/back-end/go/pkg/http-client/retry.go:58.16,60.3 1 2
gitlab.citydrive.tech/back-end/go/pkg/http-client/retry.go:62.2,63.35 2 14
gitlab.citydrive.tech/back-end/go/pkg/http-client/retry.go:63.35,65.3 1 6
gitlab.citydrive.tech/back-end/go/pkg/http-client/retry.go:68.2,68.69 1 8
gitlab.citydrive.tech/back-end/go/pkg/http-client/retry.go:72.46,73.16 1 31
gitlab.citydrive.tech/back-end/go/pkg/http-client/retry.go:73.16,75.3 1 1
gitlab.citydrive.tech/back-end/go/pkg/http-client/retry.go:78.2,79.29 2 30
gitlab.citydrive.tech/back-end/go/pkg/http-client/retry.go:79.29,81.25 1 7
gitlab.citydrive.tech/back-end/go/pkg/http-client/retry.go:81.25,83.4 1 3
gitlab.citydrive.tech/back-end/go/pkg/http-client/retry.go:87.2,88.29 2 27
gitlab.citydrive.tech/back-end/go/pkg/http-client/retry.go:88.29,90.3 1 2
gitlab.citydrive.tech/back-end/go/pkg/http-client/retry.go:92.2,104.47 3 25
gitlab.citydrive.tech/back-end/go/pkg/http-client/retry.go:104.47,105.45 1 93
gitlab.citydrive.tech/back-end/go/pkg/http-client/retry.go:105.45,107.4 1 16
gitlab.citydrive.tech/back-end/go/pkg/http-client/retry.go:110.2,110.14 1 9
gitlab.citydrive.tech/back-end/go/pkg/http-client/retry.go:114.46,115.16 1 23
gitlab.citydrive.tech/back-end/go/pkg/http-client/retry.go:115.16,117.3 1 1
gitlab.citydrive.tech/back-end/go/pkg/http-client/retry.go:120.2,121.49 2 22
gitlab.citydrive.tech/back-end/go/pkg/http-client/retry.go:121.49,123.3 1 3
gitlab.citydrive.tech/back-end/go/pkg/http-client/retry.go:126.2,127.29 2 19
gitlab.citydrive.tech/back-end/go/pkg/http-client/retry.go:127.29,129.3 1 3
gitlab.citydrive.tech/back-end/go/pkg/http-client/retry.go:131.2,141.43 3 16
gitlab.citydrive.tech/back-end/go/pkg/http-client/retry.go:141.43,142.43 1 46
gitlab.citydrive.tech/back-end/go/pkg/http-client/retry.go:142.43,144.4 1 7
gitlab.citydrive.tech/back-end/go/pkg/http-client/retry.go:147.2,147.14 1 9
gitlab.citydrive.tech/back-end/go/pkg/http-client/retry.go:151.38,152.16 1 10
gitlab.citydrive.tech/back-end/go/pkg/http-client/retry.go:152.16,154.3 1 2
gitlab.citydrive.tech/back-end/go/pkg/http-client/retry.go:156.2,156.34 1 8
gitlab.citydrive.tech/back-end/go/pkg/http-client/retry.go:156.34,158.3 1 3
gitlab.citydrive.tech/back-end/go/pkg/http-client/retry.go:160.2,160.34 1 5
gitlab.citydrive.tech/back-end/go/pkg/http-client/retry.go:160.34,162.3 1 3
gitlab.citydrive.tech/back-end/go/pkg/http-client/retry.go:164.2,164.16 1 2
gitlab.citydrive.tech/back-end/go/pkg/http-client/roundtripper.go:30.42,31.19 1 40
gitlab.citydrive.tech/back-end/go/pkg/http-client/roundtripper.go:31.19,32.22 1 39
gitlab.citydrive.tech/back-end/go/pkg/http-client/roundtripper.go:32.22,34.4 1 39
gitlab.citydrive.tech/back-end/go/pkg/http-client/roundtripper.go:36.2,36.29 1 40
gitlab.citydrive.tech/back-end/go/pkg/http-client/roundtripper.go:59.78,61.17 2 61
gitlab.citydrive.tech/back-end/go/pkg/http-client/roundtripper.go:61.17,63.3 1 1
gitlab.citydrive.tech/back-end/go/pkg/http-client/roundtripper.go:64.2,77.16 8 61
gitlab.citydrive.tech/back-end/go/pkg/http-client/roundtripper.go:77.16,79.3 1 1
gitlab.citydrive.tech/back-end/go/pkg/http-client/roundtripper.go:82.2,92.38 2 60
gitlab.citydrive.tech/back-end/go/pkg/http-client/roundtripper.go:96.93,100.45 2 43
gitlab.citydrive.tech/back-end/go/pkg/http-client/roundtripper.go:100.45,101.69 1 42
gitlab.citydrive.tech/back-end/go/pkg/http-client/roundtripper.go:101.69,102.60 1 2
gitlab.citydrive.tech/back-end/go/pkg/http-client/roundtripper.go:102.60,104.5 1 2
gitlab.citydrive.tech/back-end/go/pkg/http-client/roundtripper.go:105.4,105.66 1 0
gitlab.citydrive.tech/back-end/go/pkg/http-client/roundtripper.go:105.66,107.5 1 0
gitlab.citydrive.tech/back-end/go/pkg/http-client/roundtripper.go:112.2,112.89 1 41
gitlab.citydrive.tech/back-end/go/pkg/http-client/roundtripper.go:116.41,118.2 1 13
gitlab.citydrive.tech/back-end/go/pkg/http-client/roundtripper.go:121.51,122.16 1 0
gitlab.citydrive.tech/back-end/go/pkg/http-client/roundtripper.go:122.16,123.26 1 0
gitlab.citydrive.tech/back-end/go/pkg/http-client/roundtripper.go:123.26,125.4 1 0
gitlab.citydrive.tech/back-end/go/pkg/http-client/roundtripper.go:126.3,126.26 1 0
gitlab.citydrive.tech/back-end/go/pkg/http-client/roundtripper.go:126.26,128.4 1 0
gitlab.citydrive.tech/back-end/go/pkg/http-client/roundtripper.go:129.3,129.12 1 0
gitlab.citydrive.tech/back-end/go/pkg/http-client/roundtripper.go:132.2,132.31 1 0
gitlab.citydrive.tech/back-end/go/pkg/http-client/roundtripper.go:132.31,134.3 1 0
gitlab.citydrive.tech/back-end/go/pkg/http-client/roundtripper.go:136.2,136.11 1 0
gitlab.citydrive.tech/back-end/go/pkg/http-client/roundtripper.go:140.78,141.16 1 43
gitlab.citydrive.tech/back-end/go/pkg/http-client/roundtripper.go:141.16,142.26 1 1
gitlab.citydrive.tech/back-end/go/pkg/http-client/roundtripper.go:142.26,144.4 1 1
gitlab.citydrive.tech/back-end/go/pkg/http-client/roundtripper.go:145.3,145.26 1 0
gitlab.citydrive.tech/back-end/go/pkg/http-client/roundtripper.go:145.26,147.4 1 0
gitlab.citydrive.tech/back-end/go/pkg/http-client/roundtripper.go:148.3,148.12 1 0
gitlab.citydrive.tech/back-end/go/pkg/http-client/roundtripper.go:151.2,151.35 1 42
gitlab.citydrive.tech/back-end/go/pkg/http-client/roundtripper.go:151.35,153.3 1 42
gitlab.citydrive.tech/back-end/go/pkg/http-client/roundtripper.go:155.2,155.11 1 0
gitlab.citydrive.tech/back-end/go/pkg/http-client/roundtripper.go:159.80,160.71 1 103
gitlab.citydrive.tech/back-end/go/pkg/http-client/roundtripper.go:160.71,161.74 1 13
gitlab.citydrive.tech/back-end/go/pkg/http-client/roundtripper.go:161.74,163.4 1 8
gitlab.citydrive.tech/back-end/go/pkg/http-client/roundtripper.go:165.2,165.31 1 90
gitlab.citydrive.tech/back-end/go/pkg/http-client/roundtripper.go:169.140,170.23 1 103
gitlab.citydrive.tech/back-end/go/pkg/http-client/roundtripper.go:170.23,172.3 1 26
gitlab.citydrive.tech/back-end/go/pkg/http-client/roundtripper.go:175.2,175.43 1 77
gitlab.citydrive.tech/back-end/go/pkg/http-client/roundtripper.go:175.43,177.3 1 4
gitlab.citydrive.tech/back-end/go/pkg/http-client/roundtripper.go:180.2,180.62 1 73
gitlab.citydrive.tech/back-end/go/pkg/http-client/roundtripper.go:180.62,182.3 1 22
gitlab.citydrive.tech/back-end/go/pkg/http-client/roundtripper.go:184.2,184.28 1 51
gitlab.citydrive.tech/back-end/go/pkg/http-client/roundtripper.go:184.28,186.3 1 6
gitlab.citydrive.tech/back-end/go/pkg/http-client/roundtripper.go:188.2,188.46 1 45
gitlab.citydrive.tech/back-end/go/pkg/http-client/roundtripper.go:188.46,190.3 1 2
gitlab.citydrive.tech/back-end/go/pkg/http-client/roundtripper.go:192.2,192.53 1 43
gitlab.citydrive.tech/back-end/go/pkg/http-client/roundtripper.go:192.53,194.3 1 0
gitlab.citydrive.tech/back-end/go/pkg/http-client/roundtripper.go:196.2,197.18 2 43
gitlab.citydrive.tech/back-end/go/pkg/http-client/roundtripper.go:197.18,199.3 1 0
gitlab.citydrive.tech/back-end/go/pkg/http-client/roundtripper.go:200.2,200.21 1 43
gitlab.citydrive.tech/back-end/go/pkg/http-client/roundtripper.go:204.186,207.17 3 103
gitlab.citydrive.tech/back-end/go/pkg/http-client/roundtripper.go:207.17,210.3 2 100
gitlab.citydrive.tech/back-end/go/pkg/http-client/roundtripper.go:214.87,216.2 1 43
gitlab.citydrive.tech/back-end/go/pkg/http-client/roundtripper.go:219.37,220.16 1 1
gitlab.citydrive.tech/back-end/go/pkg/http-client/roundtripper.go:220.16,222.3 1 0
gitlab.citydrive.tech/back-end/go/pkg/http-client/roundtripper.go:225.2,226.39 2 1
gitlab.citydrive.tech/back-end/go/pkg/http-client/roundtripper.go:226.39,228.3 1 1
gitlab.citydrive.tech/back-end/go/pkg/http-client/roundtripper.go:231.2,232.39 2 0
gitlab.citydrive.tech/back-end/go/pkg/http-client/roundtripper.go:232.39,234.3 1 0
gitlab.citydrive.tech/back-end/go/pkg/http-client/roundtripper.go:237.2,239.54 1 0
gitlab.citydrive.tech/back-end/go/pkg/http-client/roundtripper.go:243.37,244.16 1 0
gitlab.citydrive.tech/back-end/go/pkg/http-client/roundtripper.go:244.16,246.3 1 0
gitlab.citydrive.tech/back-end/go/pkg/http-client/roundtripper.go:248.2,249.59 2 0
gitlab.citydrive.tech/back-end/go/pkg/http-client/roundtripper.go:249.59,251.3 1 0
gitlab.citydrive.tech/back-end/go/pkg/http-client/roundtripper.go:253.2,254.39 2 0
gitlab.citydrive.tech/back-end/go/pkg/http-client/roundtripper.go:254.39,256.3 1 0
gitlab.citydrive.tech/back-end/go/pkg/http-client/roundtripper.go:258.2,259.53 1 0
gitlab.citydrive.tech/back-end/go/pkg/http-client/roundtripper.go:263.33,264.20 1 69
gitlab.citydrive.tech/back-end/go/pkg/http-client/roundtripper.go:264.20,266.3 1 53
gitlab.citydrive.tech/back-end/go/pkg/http-client/roundtripper.go:267.2,267.15 1 16
gitlab.citydrive.tech/back-end/go/pkg/http-client/roundtripper.go:271.46,272.21 1 64
gitlab.citydrive.tech/back-end/go/pkg/http-client/roundtripper.go:272.21,274.3 1 52
gitlab.citydrive.tech/back-end/go/pkg/http-client/roundtripper.go:277.2,277.28 1 12
gitlab.citydrive.tech/back-end/go/pkg/http-client/roundtripper.go:277.28,279.3 1 11
gitlab.citydrive.tech/back-end/go/pkg/http-client/roundtripper.go:281.2,281.10 1 1
gitlab.citydrive.tech/back-end/go/pkg/http-client/roundtripper.go:285.49,286.29 1 102
gitlab.citydrive.tech/back-end/go/pkg/http-client/roundtripper.go:286.29,288.3 1 101
gitlab.citydrive.tech/back-end/go/pkg/http-client/roundtripper.go:289.2,289.10 1 1
gitlab.citydrive.tech/back-end/go/pkg/http-client/roundtripper.go:293.65,294.21 1 2
gitlab.citydrive.tech/back-end/go/pkg/http-client/roundtripper.go:294.21,296.3 1 1
gitlab.citydrive.tech/back-end/go/pkg/http-client/roundtripper.go:299.2,300.16 2 1
gitlab.citydrive.tech/back-end/go/pkg/http-client/roundtripper.go:300.16,302.3 1 0
gitlab.citydrive.tech/back-end/go/pkg/http-client/roundtripper.go:305.2,308.49 2 1
gitlab.citydrive.tech/back-end/go/pkg/http-client/roundtripper.go:312.87,316.22 2 61
gitlab.citydrive.tech/back-end/go/pkg/http-client/roundtripper.go:316.22,318.3 1 60
gitlab.citydrive.tech/back-end/go/pkg/http-client/roundtripper.go:320.2,329.18 3 1
gitlab.citydrive.tech/back-end/go/pkg/http-client/roundtripper.go:333.79,334.48 1 61
gitlab.citydrive.tech/back-end/go/pkg/http-client/roundtripper.go:334.48,336.3 1 57
gitlab.citydrive.tech/back-end/go/pkg/http-client/roundtripper.go:338.2,339.16 2 4
gitlab.citydrive.tech/back-end/go/pkg/http-client/roundtripper.go:339.16,341.3 1 1
gitlab.citydrive.tech/back-end/go/pkg/http-client/roundtripper.go:342.2,346.26 3 3
gitlab.citydrive.tech/back-end/go/pkg/http-client/roundtripper.go:350.46,351.28 1 60
gitlab.citydrive.tech/back-end/go/pkg/http-client/roundtripper.go:351.28,353.3 1 34
gitlab.citydrive.tech/back-end/go/pkg/http-client/roundtripper.go:354.2,354.10 1 26
gitlab.citydrive.tech/back-end/go/pkg/http-client/roundtripper.go:358.90,362.63 3 60
gitlab.citydrive.tech/back-end/go/pkg/http-client/roundtripper.go:362.63,368.60 4 103
gitlab.citydrive.tech/back-end/go/pkg/http-client/roundtripper.go:368.60,370.4 1 60
gitlab.citydrive.tech/back-end/go/pkg/http-client/roundtripper.go:373.3,373.48 1 43
gitlab.citydrive.tech/back-end/go/pkg/http-client/roundtripper.go:373.48,375.4 1 0
gitlab.citydrive.tech/back-end/go/pkg/http-client/roundtripper.go:378.2,378.32 1 0
gitlab.citydrive.tech/back-end/go/pkg/http-client/roundtripper.go:382.107,388.49 3 103
gitlab.citydrive.tech/back-end/go/pkg/http-client/roundtripper.go:388.49,390.3 1 4
gitlab.citydrive.tech/back-end/go/pkg/http-client/roundtripper.go:393.2,401.18 4 103
gitlab.citydrive.tech/back-end/go/pkg/http-client/roundtripper.go:405.116,406.51 1 103
gitlab.citydrive.tech/back-end/go/pkg/http-client/roundtripper.go:406.51,411.3 1 69
gitlab.citydrive.tech/back-end/go/pkg/http-client/roundtripper.go:411.8,413.3 1 34
gitlab.citydrive.tech/back-end/go/pkg/http-client/roundtripper.go:414.2,414.13 1 103
gitlab.citydrive.tech/back-end/go/pkg/http-client/roundtripper.go:418.115,423.17 5 103
gitlab.citydrive.tech/back-end/go/pkg/http-client/roundtripper.go:423.17,425.3 1 100
gitlab.citydrive.tech/back-end/go/pkg/http-client/roundtripper.go:428.2,434.33 3 103
gitlab.citydrive.tech/back-end/go/pkg/http-client/roundtripper.go:438.121,439.17 1 103
gitlab.citydrive.tech/back-end/go/pkg/http-client/roundtripper.go:439.17,447.3 1 1
gitlab.citydrive.tech/back-end/go/pkg/http-client/roundtripper.go:451.119,453.17 2 103
gitlab.citydrive.tech/back-end/go/pkg/http-client/roundtripper.go:453.17,455.3 1 100
gitlab.citydrive.tech/back-end/go/pkg/http-client/roundtripper.go:457.2,460.17 3 103
gitlab.citydrive.tech/back-end/go/pkg/http-client/roundtripper.go:460.17,462.3 1 43
gitlab.citydrive.tech/back-end/go/pkg/http-client/roundtripper.go:464.2,464.20 1 103
gitlab.citydrive.tech/back-end/go/pkg/http-client/roundtripper.go:468.101,473.49 2 43
gitlab.citydrive.tech/back-end/go/pkg/http-client/roundtripper.go:473.49,475.29 2 28
gitlab.citydrive.tech/back-end/go/pkg/http-client/roundtripper.go:475.29,477.4 1 0
gitlab.citydrive.tech/back-end/go/pkg/http-client/roundtripper.go:481.2,481.9 1 43
gitlab.citydrive.tech/back-end/go/pkg/http-client/roundtripper.go:482.29,483.15 1 0
gitlab.citydrive.tech/back-end/go/pkg/http-client/roundtripper.go:484.27,485.14 1 43
gitlab.citydrive.tech/back-end/go/pkg/http-client/testhelpers.go:42.59,50.2 3 27
gitlab.citydrive.tech/back-end/go/pkg/http-client/testhelpers.go:53.62,61.2 3 0
gitlab.citydrive.tech/back-end/go/pkg/http-client/testhelpers.go:64.71,70.19 4 54
gitlab.citydrive.tech/back-end/go/pkg/http-client/testhelpers.go:70.19,73.3 2 54
gitlab.citydrive.tech/back-end/go/pkg/http-client/testhelpers.go:75.2,76.29 2 54
gitlab.citydrive.tech/back-end/go/pkg/http-client/testhelpers.go:76.29,77.17 1 147
gitlab.citydrive.tech/back-end/go/pkg/http-client/testhelpers.go:77.17,79.4 1 147
gitlab.citydrive.tech/back-end/go/pkg/http-client/testhelpers.go:82.2,92.28 2 54
gitlab.citydrive.tech/back-end/go/pkg/http-client/testhelpers.go:92.28,95.64 2 1
gitlab.citydrive.tech/back-end/go/pkg/http-client/testhelpers.go:95.64,99.4 1 0
gitlab.citydrive.tech/back-end/go/pkg/http-client/testhelpers.go:100.3,100.9 1 1
gitlab.citydrive.tech/back-end/go/pkg/http-client/testhelpers.go:103.2,104.40 2 53
gitlab.citydrive.tech/back-end/go/pkg/http-client/testhelpers.go:104.40,106.3 1 1
gitlab.citydrive.tech/back-end/go/pkg/http-client/testhelpers.go:108.2,112.24 3 53
gitlab.citydrive.tech/back-end/go/pkg/http-client/testhelpers.go:112.24,114.3 1 1
gitlab.citydrive.tech/back-end/go/pkg/http-client/testhelpers.go:117.2,117.37 1 53
gitlab.citydrive.tech/back-end/go/pkg/http-client/testhelpers.go:117.37,119.3 1 2
gitlab.citydrive.tech/back-end/go/pkg/http-client/testhelpers.go:122.2,125.25 2 53
gitlab.citydrive.tech/back-end/go/pkg/http-client/testhelpers.go:125.25,126.59 1 48
gitlab.citydrive.tech/back-end/go/pkg/http-client/testhelpers.go:126.59,130.4 1 0
gitlab.citydrive.tech/back-end/go/pkg/http-client/testhelpers.go:135.31,141.2 5 3
gitlab.citydrive.tech/back-end/go/pkg/http-client/testhelpers.go:144.45,148.2 3 16
gitlab.citydrive.tech/back-end/go/pkg/http-client/testhelpers.go:151.53,154.29 3 1
gitlab.citydrive.tech/back-end/go/pkg/http-client/testhelpers.go:154.29,156.3 1 0
gitlab.citydrive.tech/back-end/go/pkg/http-client/testhelpers.go:157.2,157.45 1 1
gitlab.citydrive.tech/back-end/go/pkg/http-client/testhelpers.go:161.58,165.2 3 44
gitlab.citydrive.tech/back-end/go/pkg/http-client/testhelpers.go:177.46,183.2 1 2
gitlab.citydrive.tech/back-end/go/pkg/http-client/testhelpers.go:186.81,193.15 4 4
gitlab.citydrive.tech/back-end/go/pkg/http-client/testhelpers.go:193.15,193.32 1 4
gitlab.citydrive.tech/back-end/go/pkg/http-client/testhelpers.go:196.2,196.65 1 4
gitlab.citydrive.tech/back-end/go/pkg/http-client/testhelpers.go:196.65,198.3 1 0
gitlab.citydrive.tech/back-end/go/pkg/http-client/testhelpers.go:201.2,201.71 1 4
gitlab.citydrive.tech/back-end/go/pkg/http-client/testhelpers.go:201.71,203.3 1 4
gitlab.citydrive.tech/back-end/go/pkg/http-client/testhelpers.go:206.2,211.8 1 0
gitlab.citydrive.tech/back-end/go/pkg/http-client/testhelpers.go:215.61,219.2 3 4
gitlab.citydrive.tech/back-end/go/pkg/http-client/testhelpers.go:222.48,226.2 3 0
gitlab.citydrive.tech/back-end/go/pkg/http-client/testhelpers.go:229.47,233.2 3 1
gitlab.citydrive.tech/back-end/go/pkg/http-client/testhelpers.go:236.58,240.2 3 1
gitlab.citydrive.tech/back-end/go/pkg/http-client/testhelpers.go:243.36,250.2 6 0
gitlab.citydrive.tech/back-end/go/pkg/http-client/testhelpers.go:259.46,263.2 1 0
gitlab.citydrive.tech/back-end/go/pkg/http-client/testhelpers.go:266.68,270.2 3 0
gitlab.citydrive.tech/back-end/go/pkg/http-client/testhelpers.go:273.58,277.2 3 0
gitlab.citydrive.tech/back-end/go/pkg/http-client/testhelpers.go:280.61,284.31 4 0
gitlab.citydrive.tech/back-end/go/pkg/http-client/testhelpers.go:284.31,286.3 1 0
gitlab.citydrive.tech/back-end/go/pkg/http-client/testhelpers.go:287.2,287.15 1 0
gitlab.citydrive.tech/back-end/go/pkg/http-client/testhelpers.go:291.37,295.2 3 0
gitlab.citydrive.tech/back-end/go/pkg/http-client/testhelpers.go:298.100,306.28 2 0
gitlab.citydrive.tech/back-end/go/pkg/http-client/testhelpers.go:306.28,308.3 1 0
gitlab.citydrive.tech/back-end/go/pkg/http-client/testhelpers.go:310.2,310.13 1 0
gitlab.citydrive.tech/back-end/go/pkg/http-client/testhelpers.go:314.74,316.34 2 0
gitlab.citydrive.tech/back-end/go/pkg/http-client/testhelpers.go:316.34,317.18 1 0
gitlab.citydrive.tech/back-end/go/pkg/http-client/testhelpers.go:317.18,319.4 1 0
gitlab.citydrive.tech/back-end/go/pkg/http-client/testhelpers.go:320.3,320.36 1 0
gitlab.citydrive.tech/back-end/go/pkg/http-client/testhelpers.go:322.2,322.14 1 0
gitlab.citydrive.tech/back-end/go/pkg/http-client/testhelpers.go:326.103,328.43 2 0
gitlab.citydrive.tech/back-end/go/pkg/http-client/testhelpers.go:328.43,330.3 1 0
gitlab.citydrive.tech/back-end/go/pkg/http-client/tracing.go:16.26,22.2 2 6
gitlab.citydrive.tech/back-end/go/pkg/http-client/tracing.go:25.123,27.2 1 5
gitlab.citydrive.tech/back-end/go/pkg/http-client/tracing.go:30.66,32.2 1 2
