mode: set
gitlab.citydrive.tech/back-end/go/pkg/http-client/backoff.go:10.106,11.25 1 1
gitlab.citydrive.tech/back-end/go/pkg/http-client/backoff.go:11.25,13.10 1 1
gitlab.citydrive.tech/back-end/go/pkg/http-client/backoff.go:16.9,20.29 3 1
gitlab.citydrive.tech/back-end/go/pkg/http-client/backoff.go:20.29,22.10 1 1
gitlab.citydrive.tech/back-end/go/pkg/http-client/backoff.go:25.9,25.51 1 1
gitlab.citydrive.tech/back-end/go/pkg/http-client/backoff.go:25.51,28.36 2 1
gitlab.citydrive.tech/back-end/go/pkg/http-client/backoff.go:28.36,32.49 2 1
gitlab.citydrive.tech/back-end/go/pkg/http-client/backoff.go:32.49,34.26 1 1
gitlab.citydrive.tech/back-end/go/pkg/http-client/backoff.go:34.31,36.26 1 1
gitlab.citydrive.tech/back-end/go/pkg/http-client/backoff.go:41.9,41.22 1 1
gitlab.citydrive.tech/back-end/go/pkg/http-client/backoff.go:41.22,43.10 1 0
gitlab.citydrive.tech/back-end/go/pkg/http-client/backoff.go:44.9,44.29 1 1
gitlab.citydrive.tech/back-end/go/pkg/http-client/backoff.go:44.29,46.10 1 0
gitlab.citydrive.tech/back-end/go/pkg/http-client/backoff.go:48.9,48.21 1 1
gitlab.citydrive.tech/back-end/go/pkg/http-client/backoff.go:52.96,54.2 1 1
gitlab.citydrive.tech/back-end/go/pkg/http-client/backoff.go:57.91,59.29 2 1
gitlab.citydrive.tech/back-end/go/pkg/http-client/backoff.go:59.29,61.10 1 1
gitlab.citydrive.tech/back-end/go/pkg/http-client/backoff.go:62.9,62.21 1 1
gitlab.citydrive.tech/back-end/go/pkg/http-client/backoff.go:66.70,68.2 1 1
gitlab.citydrive.tech/back-end/go/pkg/http-client/client.go:22.33,31.34 4 1
gitlab.citydrive.tech/back-end/go/pkg/http-client/client.go:31.34,33.10 1 0
gitlab.citydrive.tech/back-end/go/pkg/http-client/client.go:36.9,54.10 3 1
gitlab.citydrive.tech/back-end/go/pkg/http-client/client.go:58.79,60.23 2 1
gitlab.citydrive.tech/back-end/go/pkg/http-client/client.go:60.23,62.10 1 0
gitlab.citydrive.tech/back-end/go/pkg/http-client/client.go:63.9,63.36 1 1
gitlab.citydrive.tech/back-end/go/pkg/http-client/client.go:67.109,69.23 2 1
gitlab.citydrive.tech/back-end/go/pkg/http-client/client.go:69.23,71.10 1 0
gitlab.citydrive.tech/back-end/go/pkg/http-client/client.go:72.9,72.30 1 1
gitlab.citydrive.tech/back-end/go/pkg/http-client/client.go:72.30,74.10 1 1
gitlab.citydrive.tech/back-end/go/pkg/http-client/client.go:75.9,75.36 1 1
gitlab.citydrive.tech/back-end/go/pkg/http-client/client.go:79.108,81.23 2 0
gitlab.citydrive.tech/back-end/go/pkg/http-client/client.go:81.23,83.10 1 0
gitlab.citydrive.tech/back-end/go/pkg/http-client/client.go:84.9,84.30 1 0
gitlab.citydrive.tech/back-end/go/pkg/http-client/client.go:84.30,86.10 1 0
gitlab.citydrive.tech/back-end/go/pkg/http-client/client.go:87.9,87.36 1 0
gitlab.citydrive.tech/back-end/go/pkg/http-client/client.go:91.82,93.23 2 0
gitlab.citydrive.tech/back-end/go/pkg/http-client/client.go:93.23,95.10 1 0
gitlab.citydrive.tech/back-end/go/pkg/http-client/client.go:96.9,96.36 1 0
gitlab.citydrive.tech/back-end/go/pkg/http-client/client.go:100.80,102.23 2 0
gitlab.citydrive.tech/back-end/go/pkg/http-client/client.go:102.23,104.10 1 0
gitlab.citydrive.tech/back-end/go/pkg/http-client/client.go:105.9,105.36 1 0
gitlab.citydrive.tech/back-end/go/pkg/http-client/client.go:109.64,111.2 1 0
gitlab.citydrive.tech/back-end/go/pkg/http-client/client.go:114.101,116.2 1 0
gitlab.citydrive.tech/back-end/go/pkg/http-client/client.go:119.37,121.2 1 1
gitlab.citydrive.tech/back-end/go/pkg/http-client/client.go:124.32,125.29 1 1
gitlab.citydrive.tech/back-end/go/pkg/http-client/client.go:125.29,127.10 1 1
gitlab.citydrive.tech/back-end/go/pkg/http-client/client.go:128.9,128.19 1 0
gitlab.citydrive.tech/back-end/go/pkg/http-client/config.go:58.39,59.20 1 1
gitlab.citydrive.tech/back-end/go/pkg/http-client/config.go:59.20,61.3 1 1
gitlab.citydrive.tech/back-end/go/pkg/http-client/config.go:63.2,63.26 1 1
gitlab.citydrive.tech/back-end/go/pkg/http-client/config.go:63.26,65.3 1 1
gitlab.citydrive.tech/back-end/go/pkg/http-client/config.go:67.2,67.24 1 1
gitlab.citydrive.tech/back-end/go/pkg/http-client/config.go:67.24,69.3 1 1
gitlab.citydrive.tech/back-end/go/pkg/http-client/config.go:71.2,71.20 1 1
gitlab.citydrive.tech/back-end/go/pkg/http-client/config.go:71.20,73.3 1 1
gitlab.citydrive.tech/back-end/go/pkg/http-client/config.go:75.2,75.10 1 1
gitlab.citydrive.tech/back-end/go/pkg/http-client/config.go:79.50,80.25 1 1
gitlab.citydrive.tech/back-end/go/pkg/http-client/config.go:80.25,82.3 1 1
gitlab.citydrive.tech/back-end/go/pkg/http-client/config.go:84.2,84.23 1 1
gitlab.citydrive.tech/back-end/go/pkg/http-client/config.go:84.23,86.3 1 1
gitlab.citydrive.tech/back-end/go/pkg/http-client/config.go:88.2,88.22 1 1
gitlab.citydrive.tech/back-end/go/pkg/http-client/config.go:88.22,90.3 1 1
gitlab.citydrive.tech/back-end/go/pkg/http-client/config.go:92.2,92.20 1 1
gitlab.citydrive.tech/back-end/go/pkg/http-client/config.go:92.20,94.3 1 1
gitlab.citydrive.tech/back-end/go/pkg/http-client/config.go:96.2,96.31 1 1
gitlab.citydrive.tech/back-end/go/pkg/http-client/config.go:96.31,104.3 1 1
gitlab.citydrive.tech/back-end/go/pkg/http-client/config.go:106.2,106.35 1 1
gitlab.citydrive.tech/back-end/go/pkg/http-client/config.go:106.35,108.3 1 1
gitlab.citydrive.tech/back-end/go/pkg/http-client/config.go:111.2,111.27 1 1
gitlab.citydrive.tech/back-end/go/pkg/http-client/config.go:111.27,113.3 1 1
gitlab.citydrive.tech/back-end/go/pkg/http-client/config.go:115.2,115.11 1 1
gitlab.citydrive.tech/back-end/go/pkg/http-client/config.go:119.61,121.2 1 1
gitlab.citydrive.tech/back-end/go/pkg/http-client/config.go:124.58,126.2 1 0
gitlab.citydrive.tech/back-end/go/pkg/http-client/errors.go:20.36,22.2 1 0
gitlab.citydrive.tech/back-end/go/pkg/http-client/errors.go:25.34,28.2 2 0
gitlab.citydrive.tech/back-end/go/pkg/http-client/errors.go:31.70,39.2 1 0
gitlab.citydrive.tech/back-end/go/pkg/http-client/errors.go:49.51,50.31 1 0
gitlab.citydrive.tech/back-end/go/pkg/http-client/errors.go:50.31,52.10 1 0
gitlab.citydrive.tech/back-end/go/pkg/http-client/errors.go:53.9,53.103 1 0
gitlab.citydrive.tech/back-end/go/pkg/http-client/errors.go:57.51,59.2 1 0
gitlab.citydrive.tech/back-end/go/pkg/http-client/errors.go:68.47,70.2 1 0
gitlab.citydrive.tech/back-end/go/pkg/http-client/errors.go:80.45,82.2 1 0
gitlab.citydrive.tech/back-end/go/pkg/http-client/errors.go:85.97,91.2 1 0
gitlab.citydrive.tech/back-end/go/pkg/http-client/metrics.go:35.28,86.2 8 1
gitlab.citydrive.tech/back-end/go/pkg/http-client/metrics.go:89.105,99.2 1 1
gitlab.citydrive.tech/back-end/go/pkg/http-client/metrics.go:102.115,111.2 1 1
gitlab.citydrive.tech/back-end/go/pkg/http-client/metrics.go:114.81,122.2 1 1
gitlab.citydrive.tech/back-end/go/pkg/http-client/metrics.go:125.81,131.2 1 1
gitlab.citydrive.tech/back-end/go/pkg/http-client/metrics.go:134.91,141.2 1 1
gitlab.citydrive.tech/back-end/go/pkg/http-client/metrics.go:144.100,152.2 1 1
gitlab.citydrive.tech/back-end/go/pkg/http-client/metrics.go:155.79,162.2 1 1
gitlab.citydrive.tech/back-end/go/pkg/http-client/metrics.go:165.79,172.2 1 1
gitlab.citydrive.tech/back-end/go/pkg/http-client/metrics.go:177.33,180.2 1 1
gitlab.citydrive.tech/back-end/go/pkg/http-client/retry.go:22.42,24.2 1 1
gitlab.citydrive.tech/back-end/go/pkg/http-client/retry.go:26.44,28.2 1 1
gitlab.citydrive.tech/back-end/go/pkg/http-client/retry.go:30.42,32.2 1 1
gitlab.citydrive.tech/back-end/go/pkg/http-client/retry.go:35.41,40.2 1 1
gitlab.citydrive.tech/back-end/go/pkg/http-client/retry.go:43.44,48.2 1 1
gitlab.citydrive.tech/back-end/go/pkg/http-client/retry.go:51.39,52.16 1 1
gitlab.citydrive.tech/back-end/go/pkg/http-client/retry.go:52.16,54.3 1 1
gitlab.citydrive.tech/back-end/go/pkg/http-client/retry.go:56.2,57.35 2 1
gitlab.citydrive.tech/back-end/go/pkg/http-client/retry.go:57.35,59.3 1 1
gitlab.citydrive.tech/back-end/go/pkg/http-client/retry.go:62.2,62.69 1 1
gitlab.citydrive.tech/back-end/go/pkg/http-client/retry.go:66.46,67.16 1 1
gitlab.citydrive.tech/back-end/go/pkg/http-client/retry.go:67.16,69.3 1 1
gitlab.citydrive.tech/back-end/go/pkg/http-client/retry.go:72.2,73.29 2 1
gitlab.citydrive.tech/back-end/go/pkg/http-client/retry.go:73.29,75.25 1 1
gitlab.citydrive.tech/back-end/go/pkg/http-client/retry.go:75.25,77.4 1 1
gitlab.citydrive.tech/back-end/go/pkg/http-client/retry.go:81.2,82.29 2 1
gitlab.citydrive.tech/back-end/go/pkg/http-client/retry.go:82.29,84.3 1 1
gitlab.citydrive.tech/back-end/go/pkg/http-client/retry.go:86.2,98.47 3 1
gitlab.citydrive.tech/back-end/go/pkg/http-client/retry.go:98.47,99.45 1 1
gitlab.citydrive.tech/back-end/go/pkg/http-client/retry.go:99.45,101.4 1 1
gitlab.citydrive.tech/back-end/go/pkg/http-client/retry.go:104.2,104.14 1 1
gitlab.citydrive.tech/back-end/go/pkg/http-client/retry.go:108.46,109.16 1 1
gitlab.citydrive.tech/back-end/go/pkg/http-client/retry.go:109.16,111.3 1 1
gitlab.citydrive.tech/back-end/go/pkg/http-client/retry.go:114.2,115.49 2 1
gitlab.citydrive.tech/back-end/go/pkg/http-client/retry.go:115.49,117.3 1 1
gitlab.citydrive.tech/back-end/go/pkg/http-client/retry.go:120.2,121.29 2 1
gitlab.citydrive.tech/back-end/go/pkg/http-client/retry.go:121.29,123.3 1 1
gitlab.citydrive.tech/back-end/go/pkg/http-client/retry.go:125.2,135.43 3 1
gitlab.citydrive.tech/back-end/go/pkg/http-client/retry.go:135.43,136.43 1 1
gitlab.citydrive.tech/back-end/go/pkg/http-client/retry.go:136.43,138.4 1 1
gitlab.citydrive.tech/back-end/go/pkg/http-client/retry.go:141.2,141.14 1 1
gitlab.citydrive.tech/back-end/go/pkg/http-client/retry.go:145.38,146.16 1 1
gitlab.citydrive.tech/back-end/go/pkg/http-client/retry.go:146.16,148.3 1 1
gitlab.citydrive.tech/back-end/go/pkg/http-client/retry.go:150.2,150.34 1 1
gitlab.citydrive.tech/back-end/go/pkg/http-client/retry.go:150.34,152.3 1 1
gitlab.citydrive.tech/back-end/go/pkg/http-client/retry.go:154.2,154.34 1 1
gitlab.citydrive.tech/back-end/go/pkg/http-client/retry.go:154.34,156.3 1 1
gitlab.citydrive.tech/back-end/go/pkg/http-client/retry.go:158.2,158.16 1 1
gitlab.citydrive.tech/back-end/go/pkg/http-client/roundtripper.go:29.78,34.29 3 1
gitlab.citydrive.tech/back-end/go/pkg/http-client/roundtripper.go:34.29,44.10 3 0
gitlab.citydrive.tech/back-end/go/pkg/http-client/roundtripper.go:47.9,67.35 11 1
gitlab.citydrive.tech/back-end/go/pkg/http-client/roundtripper.go:67.35,69.10 1 1
gitlab.citydrive.tech/back-end/go/pkg/http-client/roundtripper.go:71.9,71.61 1 1
gitlab.citydrive.tech/back-end/go/pkg/http-client/roundtripper.go:71.61,77.51 3 1
gitlab.citydrive.tech/back-end/go/pkg/http-client/roundtripper.go:77.51,79.39 2 0
gitlab.citydrive.tech/back-end/go/pkg/http-client/roundtripper.go:79.39,82.26 2 0
gitlab.citydrive.tech/back-end/go/pkg/http-client/roundtripper.go:83.25,83.53 1 0
gitlab.citydrive.tech/back-end/go/pkg/http-client/roundtripper.go:87.17,96.32 7 1
gitlab.citydrive.tech/back-end/go/pkg/http-client/roundtripper.go:96.32,98.18 1 1
gitlab.citydrive.tech/back-end/go/pkg/http-client/roundtripper.go:100.17,104.32 3 1
gitlab.citydrive.tech/back-end/go/pkg/http-client/roundtripper.go:104.32,107.18 2 1
gitlab.citydrive.tech/back-end/go/pkg/http-client/roundtripper.go:110.17,110.32 1 1
gitlab.citydrive.tech/back-end/go/pkg/http-client/roundtripper.go:110.32,118.18 1 0
gitlab.citydrive.tech/back-end/go/pkg/http-client/roundtripper.go:120.17,124.88 3 1
gitlab.citydrive.tech/back-end/go/pkg/http-client/roundtripper.go:124.88,126.18 1 1
gitlab.citydrive.tech/back-end/go/pkg/http-client/roundtripper.go:129.17,129.43 1 1
gitlab.citydrive.tech/back-end/go/pkg/http-client/roundtripper.go:129.43,130.30 1 1
gitlab.citydrive.tech/back-end/go/pkg/http-client/roundtripper.go:134.17,135.38 2 1
gitlab.citydrive.tech/back-end/go/pkg/http-client/roundtripper.go:135.38,137.30 1 0
gitlab.citydrive.tech/back-end/go/pkg/http-client/roundtripper.go:141.17,141.73 1 1
gitlab.citydrive.tech/back-end/go/pkg/http-client/roundtripper.go:141.73,142.30 1 1
gitlab.citydrive.tech/back-end/go/pkg/http-client/roundtripper.go:146.17,152.55 3 1
gitlab.citydrive.tech/back-end/go/pkg/http-client/roundtripper.go:152.55,154.51 2 1
gitlab.citydrive.tech/back-end/go/pkg/http-client/roundtripper.go:154.51,155.38 1 0
gitlab.citydrive.tech/back-end/go/pkg/http-client/roundtripper.go:160.17,160.24 1 1
gitlab.citydrive.tech/back-end/go/pkg/http-client/roundtripper.go:161.35,162.46 1 0
gitlab.citydrive.tech/back-end/go/pkg/http-client/roundtripper.go:163.42,163.42 0 1
gitlab.citydrive.tech/back-end/go/pkg/http-client/roundtripper.go:167.17,167.39 1 1
gitlab.citydrive.tech/back-end/go/pkg/http-client/roundtripper.go:170.9,170.39 1 1
gitlab.citydrive.tech/back-end/go/pkg/http-client/roundtripper.go:174.93,178.52 2 1
gitlab.citydrive.tech/back-end/go/pkg/http-client/roundtripper.go:178.52,179.83 1 1
gitlab.citydrive.tech/back-end/go/pkg/http-client/roundtripper.go:179.83,180.81 1 1
gitlab.citydrive.tech/back-end/go/pkg/http-client/roundtripper.go:180.81,182.26 1 1
gitlab.citydrive.tech/back-end/go/pkg/http-client/roundtripper.go:183.25,183.87 1 0
gitlab.citydrive.tech/back-end/go/pkg/http-client/roundtripper.go:183.87,185.26 1 0
gitlab.citydrive.tech/back-end/go/pkg/http-client/roundtripper.go:190.9,190.96 1 1
gitlab.citydrive.tech/back-end/go/pkg/http-client/roundtripper.go:194.41,196.2 1 1
gitlab.citydrive.tech/back-end/go/pkg/http-client/roundtripper.go:199.51,200.23 1 1
gitlab.citydrive.tech/back-end/go/pkg/http-client/roundtripper.go:200.23,201.40 1 1
gitlab.citydrive.tech/back-end/go/pkg/http-client/roundtripper.go:201.40,203.18 1 1
gitlab.citydrive.tech/back-end/go/pkg/http-client/roundtripper.go:204.17,204.40 1 0
gitlab.citydrive.tech/back-end/go/pkg/http-client/roundtripper.go:204.40,206.18 1 0
gitlab.citydrive.tech/back-end/go/pkg/http-client/roundtripper.go:207.17,207.26 1 0
gitlab.citydrive.tech/back-end/go/pkg/http-client/roundtripper.go:210.9,210.38 1 1
gitlab.citydrive.tech/back-end/go/pkg/http-client/roundtripper.go:210.38,212.10 1 1
gitlab.citydrive.tech/back-end/go/pkg/http-client/roundtripper.go:214.9,214.18 1 0
gitlab.citydrive.tech/back-end/go/pkg/http-client/roundtripper.go:218.37,219.23 1 1
gitlab.citydrive.tech/back-end/go/pkg/http-client/roundtripper.go:219.23,221.10 1 0
gitlab.citydrive.tech/back-end/go/pkg/http-client/roundtripper.go:224.9,225.46 2 1
gitlab.citydrive.tech/back-end/go/pkg/http-client/roundtripper.go:225.46,227.10 1 1
gitlab.citydrive.tech/back-end/go/pkg/http-client/roundtripper.go:230.9,231.46 2 0
gitlab.citydrive.tech/back-end/go/pkg/http-client/roundtripper.go:231.46,233.10 1 0
gitlab.citydrive.tech/back-end/go/pkg/http-client/roundtripper.go:236.9,238.71 1 0
gitlab.citydrive.tech/back-end/go/pkg/http-client/roundtripper.go:242.37,243.23 1 0
gitlab.citydrive.tech/back-end/go/pkg/http-client/roundtripper.go:243.23,245.10 1 0
gitlab.citydrive.tech/back-end/go/pkg/http-client/roundtripper.go:247.9,248.66 2 0
gitlab.citydrive.tech/back-end/go/pkg/http-client/roundtripper.go:248.66,250.10 1 0
gitlab.citydrive.tech/back-end/go/pkg/http-client/roundtripper.go:252.9,253.46 2 0
gitlab.citydrive.tech/back-end/go/pkg/http-client/roundtripper.go:253.46,255.10 1 0
gitlab.citydrive.tech/back-end/go/pkg/http-client/roundtripper.go:257.9,258.70 1 0
gitlab.citydrive.tech/back-end/go/pkg/http-client/roundtripper.go:262.33,263.27 1 1
gitlab.citydrive.tech/back-end/go/pkg/http-client/roundtripper.go:263.27,265.10 1 1
gitlab.citydrive.tech/back-end/go/pkg/http-client/roundtripper.go:266.9,266.22 1 1
gitlab.citydrive.tech/back-end/go/pkg/http-client/roundtripper.go:270.46,271.28 1 1
gitlab.citydrive.tech/back-end/go/pkg/http-client/roundtripper.go:271.28,273.10 1 1
gitlab.citydrive.tech/back-end/go/pkg/http-client/roundtripper.go:276.9,276.35 1 1
gitlab.citydrive.tech/back-end/go/pkg/http-client/roundtripper.go:276.35,278.10 1 1
gitlab.citydrive.tech/back-end/go/pkg/http-client/roundtripper.go:280.9,280.17 1 0
gitlab.citydrive.tech/back-end/go/pkg/http-client/roundtripper.go:284.49,285.36 1 1
gitlab.citydrive.tech/back-end/go/pkg/http-client/roundtripper.go:285.36,287.10 1 1
gitlab.citydrive.tech/back-end/go/pkg/http-client/roundtripper.go:288.9,288.17 1 0
gitlab.citydrive.tech/back-end/go/pkg/http-client/roundtripper.go:292.65,293.28 1 0
gitlab.citydrive.tech/back-end/go/pkg/http-client/roundtripper.go:293.28,295.10 1 0
gitlab.citydrive.tech/back-end/go/pkg/http-client/roundtripper.go:298.9,299.23 2 0
gitlab.citydrive.tech/back-end/go/pkg/http-client/roundtripper.go:299.23,301.10 1 0
gitlab.citydrive.tech/back-end/go/pkg/http-client/roundtripper.go:304.9,307.56 2 0
gitlab.citydrive.tech/back-end/go/pkg/http-client/tracing.go:16.26,22.2 2 0
gitlab.citydrive.tech/back-end/go/pkg/http-client/tracing.go:25.123,27.2 1 0
gitlab.citydrive.tech/back-end/go/pkg/http-client/tracing.go:30.66,32.2 1 0
